<?xml version="1.0" encoding="UTF-8"?>
<!-- Generated by org.testng.reporters.JUnitReportReporter -->
<testsuite skipped="0" hostname="LAPTOP-SLPQU167" name="cucumber.Options.TestRunner" tests="1" failures="0" timestamp="31 Jul 2020 02:49:15 GMT" time="34.196" errors="0">
  <testcase name="runScenario" time="34.196" classname="cucumber.Options.TestRunner"/>
</testsuite> <!-- cucumber.Options.TestRunner -->
