<?xml version="1.0" encoding="UTF-8"?>
<!-- Generated by org.testng.reporters.JUnitReportReporter -->
<testsuite skipped="0" hostname="LAPTOP-SLPQU167" name="cucumber.Options.TestRunner" tests="1" failures="0" timestamp="02 Aug 2020 06:36:44 GMT" time="31.411" errors="0">
  <testcase name="runScenario" time="31.411" classname="cucumber.Options.TestRunner"/>
</testsuite> <!-- cucumber.Options.TestRunner -->
